TN:
SF:src\modules\appointments\services\AppointmentsService.ts
FN:16,(anonymous_18)
FN:19,AppointmentsService
FN:26,(anonymous_20)
FN:30,(anonymous_21)
FN:48,(anonymous_24)
FNF:5
FNH:5
FNDA:1,(anonymous_18)
FNDA:3,AppointmentsService
FNDA:4,(anonymous_20)
FNDA:3,(anonymous_21)
FNDA:1,(anonymous_24)
DA:1,1
DA:7,1
DA:8,1
DA:16,1
DA:23,3
DA:26,1
DA:27,4
DA:30,3
DA:31,3
DA:33,3
DA:35,3
DA:37,4
DA:38,2
DA:42,2
DA:45,1
DA:48,1
DA:49,1
DA:50,1
DA:52,1
DA:54,1
LF:20
LH:20
BRDA:45,0,0,1
BRDA:37,1,0,1
BRDA:37,1,1,2
BRDA:49,2,0,1
BRF:4
BRH:4
end_of_record
TN:
SF:src\modules\files\services\FilesService.ts
FN:13,(anonymous_18)
FN:16,FilesService
FN:20,(anonymous_20)
FN:24,(anonymous_21)
FN:35,(anonymous_24)
FNF:5
FNH:5
FNDA:1,(anonymous_18)
FNDA:2,FilesService
FNDA:3,(anonymous_20)
FNDA:2,(anonymous_21)
FNDA:1,(anonymous_24)
DA:1,1
DA:5,1
DA:13,1
DA:17,2
DA:20,1
DA:21,3
DA:24,2
DA:25,2
DA:27,2
DA:32,2
DA:35,1
DA:36,1
DA:38,1
DA:40,1
DA:41,0
DA:44,1
DA:46,1
DA:48,1
LF:18
LH:17
BRDA:40,0,0,0
BRDA:40,0,1,1
BRF:2
BRH:1
end_of_record
TN:
SF:src\modules\users\services\SessionsService.ts
FN:26,(anonymous_18)
FN:33,SessionsService
FN:43,(anonymous_20)
FN:47,(anonymous_21)
FNF:4
FNH:4
FNDA:1,(anonymous_18)
FNDA:3,SessionsService
FNDA:3,(anonymous_20)
FNDA:3,(anonymous_21)
DA:1,1
DA:2,1
DA:7,1
DA:8,1
DA:26,1
DA:38,3
DA:39,3
DA:40,3
DA:43,1
DA:44,3
DA:47,3
DA:48,3
DA:50,3
DA:52,4
DA:53,2
DA:58,3
DA:59,1
DA:60,1
DA:61,2
DA:62,0
DA:63,1
DA:65,1
DA:67,1
DA:72,1
DA:83,2
DA:85,1
DA:87,1
LF:27
LH:26
BRDA:83,0,0,2
BRDA:52,1,0,1
BRDA:52,1,1,2
BRDA:58,2,0,1
BRDA:58,2,1,1
BRDA:61,3,0,1
BRDA:61,3,1,0
BRDA:76,4,0,0
BRDA:76,4,1,1
BRF:9
BRH:7
end_of_record
TN:
SF:src\modules\users\services\UsersService.ts
FN:23,(anonymous_18)
FN:32,UsersService
FN:44,(anonymous_20)
FN:48,(anonymous_21)
FN:56,(anonymous_24)
FN:64,(anonymous_27)
FN:116,(anonymous_30)
FNF:7
FNH:7
FNDA:2,(anonymous_18)
FNDA:11,UsersService
FNDA:24,(anonymous_20)
FNDA:6,(anonymous_21)
FNDA:1,(anonymous_24)
FNDA:6,(anonymous_27)
FNDA:11,(anonymous_30)
DA:1,2
DA:2,2
DA:8,2
DA:10,2
DA:11,2
DA:23,2
DA:38,11
DA:39,11
DA:40,11
DA:41,11
DA:44,2
DA:45,24
DA:48,2
DA:49,6
DA:51,6
DA:53,6
DA:56,2
DA:57,1
DA:59,1
DA:61,1
DA:64,2
DA:65,6
DA:66,6
DA:67,6
DA:68,6
DA:69,6
DA:71,6
DA:73,6
DA:75,6
DA:77,5
DA:78,1
DA:80,7
DA:81,1
DA:83,2
DA:84,0
DA:88,0
DA:90,0
DA:91,0
DA:93,0
DA:97,5
DA:98,3
DA:99,3
DA:100,6
DA:101,0
DA:102,0
DA:106,4
DA:107,7
DA:108,2
DA:109,3
DA:111,8
DA:113,4
DA:116,11
DA:117,11
DA:119,11
DA:121,11
DA:122,1
DA:125,10
DA:127,10
DA:133,10
DA:135,2
DA:137,2
LF:61
LH:54
BRDA:93,0,0,0
BRDA:75,1,0,1
BRDA:75,1,1,5
BRDA:77,2,0,1
BRDA:77,2,1,4
BRDA:80,3,0,3
BRDA:80,3,1,1
BRDA:80,4,0,4
BRDA:80,4,1,1
BRDA:83,5,0,1
BRDA:83,5,1,0
BRDA:90,6,0,0
BRDA:90,6,1,0
BRDA:97,7,0,1
BRDA:97,7,1,3
BRDA:100,8,0,3
BRDA:100,8,1,0
BRDA:106,9,0,4
BRDA:106,9,1,4
BRDA:107,10,0,3
BRDA:107,10,1,1
BRDA:121,11,0,1
BRDA:121,11,1,10
BRF:23
BRH:18
end_of_record
